sample.interval=20000
".Call" "doTryCatch" "tryCatchOne" "tryCatchList" "tryCatch" "<Anonymous>" "apply" "scale.default" "scale" "grangerLasso" "ngc" 
".Call" "doTryCatch" "tryCatchOne" "tryCatchList" "tryCatch" "<Anonymous>" "apply" "scale.default" "scale" "grangerLasso" "ngc" 
".Call" "doTryCatch" "tryCatchOne" "tryCatchList" "tryCatch" "<Anonymous>" "apply" "scale.default" "scale" "grangerLasso" "ngc" 
"apply" "scale.default" "scale" "grangerLasso" "ngc" 
"sweep" "scale.default" "scale" "grangerLasso" "ngc" 
"order" "aperm.default" "aperm" "sweep" "scale.default" "scale" "grangerLasso" "ngc" 
".Fortran" "ls" "gglasso" "cv.gglasso" "pldag.set" "grangerLasso" "ngc" 
".Fortran" "ls" "gglasso" "cv.gglasso" "pldag.set" "grangerLasso" "ngc" 
".Fortran" "ls" "gglasso" "cv.gglasso" "pldag.set" "grangerLasso" "ngc" 
".Fortran" "ls" "gglasso" "cv.gglasso" "pldag.set" "grangerLasso" "ngc" 
".Fortran" "ls" "gglasso" "cv.gglasso" "pldag.set" "grangerLasso" "ngc" 
".Fortran" "ls" "gglasso" "cv.gglasso" "pldag.set" "grangerLasso" "ngc" 
".Fortran" "ls" "gglasso" "cv.gglasso" "pldag.set" "grangerLasso" "ngc" 
".Fortran" "ls" "gglasso" "cv.gglasso" "pldag.set" "grangerLasso" "ngc" 
".Fortran" "ls" "gglasso" "cv.gglasso" "pldag.set" "grangerLasso" "ngc" 
".Fortran" "ls" "gglasso" "cv.gglasso" "pldag.set" "grangerLasso" "ngc" 
".Fortran" "ls" "gglasso" "cv.gglasso" "pldag.set" "grangerLasso" "ngc" 
".Fortran" "ls" "gglasso" "cv.gglasso" "pldag.set" "grangerLasso" "ngc" 
".Fortran" "ls" "gglasso" "cv.gglasso" "pldag.set" "grangerLasso" "ngc" 
".Fortran" "ls" "gglasso" "cv.gglasso" "pldag.set" "grangerLasso" "ngc" 
".Fortran" "ls" "gglasso" "cv.gglasso" "pldag.set" "grangerLasso" "ngc" 
".Fortran" "ls" "gglasso" "cv.gglasso" "pldag.set" "grangerLasso" "ngc" 
".Fortran" "ls" "gglasso" "cv.gglasso" "pldag.set" "grangerLasso" "ngc" 
".Fortran" "ls" "gglasso" "cv.gglasso" "pldag.set" "grangerLasso" "ngc" 
".Fortran" "ls" "gglasso" "cv.gglasso" "pldag.set" "grangerLasso" "ngc" 
".Fortran" "ls" "gglasso" "cv.gglasso" "pldag.set" "grangerLasso" "ngc" 
".Fortran" "ls" "gglasso" "cv.gglasso" "pldag.set" "grangerLasso" "ngc" 
".Fortran" "ls" "gglasso" "cv.gglasso" "pldag.set" "grangerLasso" "ngc" 
".Fortran" "ls" "gglasso" "cv.gglasso" "pldag.set" "grangerLasso" "ngc" 
".Fortran" "ls" "gglasso" "cv.gglasso" "pldag.set" "grangerLasso" "ngc" 
".Fortran" "ls" "gglasso" "cv.gglasso" "pldag.set" "grangerLasso" "ngc" 
".Fortran" "ls" "gglasso" "cv.gglasso" "pldag.set" "grangerLasso" "ngc" 
".Fortran" "ls" "gglasso" "cv.gglasso" "pldag.set" "grangerLasso" "ngc" 
".Fortran" "ls" "gglasso" "cv.gglasso" "pldag.set" "grangerLasso" "ngc" 
".Fortran" "ls" "gglasso" "cv.gglasso" "pldag.set" "grangerLasso" "ngc" 
".Fortran" "ls" "gglasso" "cv.gglasso" "pldag.set" "grangerLasso" "ngc" 
".Fortran" "ls" "gglasso" "cv.gglasso" "pldag.set" "grangerLasso" "ngc" 
".Fortran" "ls" "gglasso" "cv.gglasso" "pldag.set" "grangerLasso" "ngc" 
".Fortran" "ls" "gglasso" "cv.gglasso" "pldag.set" "grangerLasso" "ngc" 
".Fortran" "ls" "gglasso" "cv.gglasso" "pldag.set" "grangerLasso" "ngc" 
".Fortran" "ls" "gglasso" "cv.gglasso" "pldag.set" "grangerLasso" "ngc" 
".Fortran" "ls" "gglasso" "cv.gglasso" "pldag.set" "grangerLasso" "ngc" 
".Fortran" "ls" "gglasso" "cv.gglasso" "pldag.set" "grangerLasso" "ngc" 
".Fortran" "ls" "gglasso" "cv.gglasso" "pldag.set" "grangerLasso" "ngc" 
".Fortran" "ls" "gglasso" "cv.gglasso" "pldag.set" "grangerLasso" "ngc" 
".Fortran" "ls" "gglasso" "cv.gglasso" "pldag.set" "grangerLasso" "ngc" 
".Fortran" "ls" "gglasso" "cv.gglasso" "pldag.set" "grangerLasso" "ngc" 
".Fortran" "ls" "gglasso" "cv.gglasso" "pldag.set" "grangerLasso" "ngc" 
".Fortran" "ls" "gglasso" "cv.gglasso" "pldag.set" "grangerLasso" "ngc" 
".Fortran" "ls" "gglasso" "cv.gglasso" "pldag.set" "grangerLasso" "ngc" 
".Fortran" "ls" "gglasso" "cv.gglasso" "pldag.set" "grangerLasso" "ngc" 
".Fortran" "ls" "gglasso" "cv.gglasso" "pldag.set" "grangerLasso" "ngc" 
".Fortran" "ls" "gglasso" "cv.gglasso" "pldag.set" "grangerLasso" "ngc" 
".Fortran" "ls" "gglasso" "cv.gglasso" "pldag.set" "grangerLasso" "ngc" 
".Fortran" "ls" "gglasso" "cv.gglasso" "pldag.set" "grangerLasso" "ngc" 
".Fortran" "ls" "gglasso" "cv.gglasso" "pldag.set" "grangerLasso" "ngc" 
".Fortran" "ls" "gglasso" "cv.gglasso" "pldag.set" "grangerLasso" "ngc" 
".Fortran" "ls" "gglasso" "cv.gglasso" "pldag.set" "grangerLasso" "ngc" 
".Fortran" "ls" "gglasso" "cv.gglasso" "pldag.set" "grangerLasso" "ngc" 
".Fortran" "ls" "gglasso" "cv.gglasso" "pldag.set" "grangerLasso" "ngc" 
".Fortran" "ls" "gglasso" "cv.gglasso" "pldag.set" "grangerLasso" "ngc" 
".Fortran" "ls" "gglasso" "cv.gglasso" "pldag.set" "grangerLasso" "ngc" 
".Fortran" "ls" "gglasso" "cv.gglasso" "pldag.set" "grangerLasso" "ngc" 
".Fortran" "ls" "gglasso" "cv.gglasso" "pldag.set" "grangerLasso" "ngc" 
".Fortran" "ls" "gglasso" "cv.gglasso" "pldag.set" "grangerLasso" "ngc" 
".Fortran" "ls" "gglasso" "cv.gglasso" "pldag.set" "grangerLasso" "ngc" 
".Fortran" "ls" "gglasso" "cv.gglasso" "pldag.set" "grangerLasso" "ngc" 
".Fortran" "ls" "gglasso" "cv.gglasso" "pldag.set" "grangerLasso" "ngc" 
".Fortran" "ls" "gglasso" "cv.gglasso" "pldag.set" "grangerLasso" "ngc" 
".Fortran" "ls" "gglasso" "cv.gglasso" "pldag.set" "grangerLasso" "ngc" 
".Fortran" "ls" "gglasso" "cv.gglasso" "pldag.set" "grangerLasso" "ngc" 
".Fortran" "ls" "gglasso" "cv.gglasso" "pldag.set" "grangerLasso" "ngc" 
".Fortran" "ls" "gglasso" "cv.gglasso" "pldag.set" "grangerLasso" "ngc" 
".Fortran" "ls" "gglasso" "cv.gglasso" "pldag.set" "grangerLasso" "ngc" 
".Fortran" "ls" "gglasso" "cv.gglasso" "pldag.set" "grangerLasso" "ngc" 
".Fortran" "ls" "gglasso" "cv.gglasso" "pldag.set" "grangerLasso" "ngc" 
".Fortran" "ls" "gglasso" "cv.gglasso" "pldag.set" "grangerLasso" "ngc" 
".Fortran" "ls" "gglasso" "cv.gglasso" "pldag.set" "grangerLasso" "ngc" 
".Fortran" "ls" "gglasso" "cv.gglasso" "pldag.set" "grangerLasso" "ngc" 
".Fortran" "ls" "gglasso" "cv.gglasso" "pldag.set" "grangerLasso" "ngc" 
"all.equal.numeric" "all.equal" "isSymmetric.matrix" "eigen" "ls" "gglasso" "cv.gglasso" "pldag.set" "grangerLasso" "ngc" 
".Fortran" "ls" "gglasso" "cv.gglasso" "pldag.set" "grangerLasso" "ngc" 
".Fortran" "ls" "gglasso" "cv.gglasso" "pldag.set" "grangerLasso" "ngc" 
".Fortran" "ls" "gglasso" "cv.gglasso" "pldag.set" "grangerLasso" "ngc" 
".Fortran" "ls" "gglasso" "cv.gglasso" "pldag.set" "grangerLasso" "ngc" 
".Fortran" "ls" "gglasso" "cv.gglasso" "pldag.set" "grangerLasso" "ngc" 
".Fortran" "ls" "gglasso" "cv.gglasso" "pldag.set" "grangerLasso" "ngc" 
".Fortran" "ls" "gglasso" "cv.gglasso" "pldag.set" "grangerLasso" "ngc" 
".Fortran" "ls" "gglasso" "cv.gglasso" "pldag.set" "grangerLasso" "ngc" 
".Fortran" "ls" "gglasso" "cv.gglasso" "pldag.set" "grangerLasso" "ngc" 
".Fortran" "ls" "gglasso" "cv.gglasso" "pldag.set" "grangerLasso" "ngc" 
".Fortran" "ls" "gglasso" "cv.gglasso" "pldag.set" "grangerLasso" "ngc" 
".Fortran" "ls" "gglasso" "cv.gglasso" "pldag.set" "grangerLasso" "ngc" 
".Fortran" "ls" "gglasso" "cv.gglasso" "pldag.set" "grangerLasso" "ngc" 
".Fortran" "ls" "gglasso" "cv.gglasso" "pldag.set" "grangerLasso" "ngc" 
".Fortran" "ls" "gglasso" "cv.gglasso" "pldag.set" "grangerLasso" "ngc" 
".Fortran" "ls" "gglasso" "cv.gglasso" "pldag.set" "grangerLasso" "ngc" 
".Fortran" "ls" "gglasso" "cv.gglasso" "pldag.set" "grangerLasso" "ngc" 
".Fortran" "ls" "gglasso" "cv.gglasso" "pldag.set" "grangerLasso" "ngc" 
".Fortran" "ls" "gglasso" "cv.gglasso" "pldag.set" "grangerLasso" "ngc" 
".Fortran" "ls" "gglasso" "cv.gglasso" "pldag.set" "grangerLasso" "ngc" 
".Fortran" "ls" "gglasso" "cv.gglasso" "pldag.set" "grangerLasso" "ngc" 
".Fortran" "ls" "gglasso" "cv.gglasso" "pldag.set" "grangerLasso" "ngc" 
".Fortran" "ls" "gglasso" "cv.gglasso" "pldag.set" "grangerLasso" "ngc" 
".Fortran" "ls" "gglasso" "cv.gglasso" "pldag.set" "grangerLasso" "ngc" 
".Fortran" "ls" "gglasso" "cv.gglasso" "pldag.set" "grangerLasso" "ngc" 
"structure" "eigen" "ls" "gglasso" "cv.gglasso" "pldag.set" "grangerLasso" "ngc" 
".Fortran" "ls" "gglasso" "cv.gglasso" "pldag.set" "grangerLasso" "ngc" 
".Fortran" "ls" "gglasso" "cv.gglasso" "pldag.set" "grangerLasso" "ngc" 
".Fortran" "ls" "gglasso" "cv.gglasso" "pldag.set" "grangerLasso" "ngc" 
".Fortran" "ls" "gglasso" "cv.gglasso" "pldag.set" "grangerLasso" "ngc" 
".Fortran" "ls" "gglasso" "cv.gglasso" "pldag.set" "grangerLasso" "ngc" 
".Fortran" "ls" "gglasso" "cv.gglasso" "pldag.set" "grangerLasso" "ngc" 
".Fortran" "ls" "gglasso" "cv.gglasso" "pldag.set" "grangerLasso" "ngc" 
".Fortran" "ls" "gglasso" "cv.gglasso" "pldag.set" "grangerLasso" "ngc" 
".Fortran" "ls" "gglasso" "cv.gglasso" "pldag.set" "grangerLasso" "ngc" 
".Fortran" "ls" "gglasso" "cv.gglasso" "pldag.set" "grangerLasso" "ngc" 
".Fortran" "ls" "gglasso" "cv.gglasso" "pldag.set" "grangerLasso" "ngc" 
".Fortran" "ls" "gglasso" "cv.gglasso" "pldag.set" "grangerLasso" "ngc" 
".Fortran" "ls" "gglasso" "cv.gglasso" "pldag.set" "grangerLasso" "ngc" 
".Fortran" "ls" "gglasso" "cv.gglasso" "pldag.set" "grangerLasso" "ngc" 
".Fortran" "ls" "gglasso" "cv.gglasso" "pldag.set" "grangerLasso" "ngc" 
".Fortran" "ls" "gglasso" "cv.gglasso" "pldag.set" "grangerLasso" "ngc" 
".Fortran" "ls" "gglasso" "cv.gglasso" "pldag.set" "grangerLasso" "ngc" 
".Fortran" "ls" "gglasso" "cv.gglasso" "pldag.set" "grangerLasso" "ngc" 
".Fortran" "ls" "gglasso" "cv.gglasso" "pldag.set" "grangerLasso" "ngc" 
".Fortran" "ls" "gglasso" "cv.gglasso" "pldag.set" "grangerLasso" "ngc" 
".Fortran" "ls" "gglasso" "cv.gglasso" "pldag.set" "grangerLasso" "ngc" 
"all.equal.numeric" "all.equal" "isSymmetric.matrix" "eigen" "ls" "gglasso" "cv.gglasso" "pldag.set" "grangerLasso" "ngc" 
".Fortran" "ls" "gglasso" "cv.gglasso" "pldag.set" "grangerLasso" "ngc" 
".Fortran" "ls" "gglasso" "cv.gglasso" "pldag.set" "grangerLasso" "ngc" 
".Fortran" "ls" "gglasso" "cv.gglasso" "pldag.set" "grangerLasso" "ngc" 
".Fortran" "ls" "gglasso" "cv.gglasso" "pldag.set" "grangerLasso" "ngc" 
".Fortran" "ls" "gglasso" "cv.gglasso" "pldag.set" "grangerLasso" "ngc" 
".Fortran" "ls" "gglasso" "cv.gglasso" "pldag.set" "grangerLasso" "ngc" 
".Fortran" "ls" "gglasso" "cv.gglasso" "pldag.set" "grangerLasso" "ngc" 
"gglasso" "cv.gglasso" "pldag.set" "grangerLasso" "ngc" 
".Fortran" "ls" "gglasso" "cv.gglasso" "pldag.set" "grangerLasso" "ngc" 
".Fortran" "ls" "gglasso" "cv.gglasso" "pldag.set" "grangerLasso" "ngc" 
".Fortran" "ls" "gglasso" "cv.gglasso" "pldag.set" "grangerLasso" "ngc" 
".Fortran" "ls" "gglasso" "cv.gglasso" "pldag.set" "grangerLasso" "ngc" 
".Fortran" "ls" "gglasso" "cv.gglasso" "pldag.set" "grangerLasso" "ngc" 
".Fortran" "ls" "gglasso" "cv.gglasso" "pldag.set" "grangerLasso" "ngc" 
".Fortran" "ls" "gglasso" "cv.gglasso" "pldag.set" "grangerLasso" "ngc" 
".Fortran" "ls" "gglasso" "cv.gglasso" "pldag.set" "grangerLasso" "ngc" 
".Fortran" "ls" "gglasso" "cv.gglasso" "pldag.set" "grangerLasso" "ngc" 
".Fortran" "ls" "gglasso" "cv.gglasso" "pldag.set" "grangerLasso" "ngc" 
".Fortran" "ls" "gglasso" "cv.gglasso" "pldag.set" "grangerLasso" "ngc" 
".Fortran" "ls" "gglasso" "cv.gglasso" "pldag.set" "grangerLasso" "ngc" 
".Fortran" "ls" "gglasso" "cv.gglasso" "pldag.set" "grangerLasso" "ngc" 
".Fortran" "ls" "gglasso" "cv.gglasso" "pldag.set" "grangerLasso" "ngc" 
".Fortran" "ls" "gglasso" "cv.gglasso" "pldag.set" "grangerLasso" "ngc" 
"sort" "gglasso" "cv.gglasso" "pldag.set" "grangerLasso" "ngc" 
".Fortran" "ls" "gglasso" "cv.gglasso" "pldag.set" "grangerLasso" "ngc" 
".Fortran" "ls" "gglasso" "cv.gglasso" "pldag.set" "grangerLasso" "ngc" 
".Fortran" "ls" "gglasso" "cv.gglasso" "pldag.set" "grangerLasso" "ngc" 
".Fortran" "ls" "gglasso" "cv.gglasso" "pldag.set" "grangerLasso" "ngc" 
".Fortran" "ls" "gglasso" "cv.gglasso" "pldag.set" "grangerLasso" "ngc" 
".Fortran" "ls" "gglasso" "cv.gglasso" "pldag.set" "grangerLasso" "ngc" 
".Fortran" "ls" "gglasso" "cv.gglasso" "pldag.set" "grangerLasso" "ngc" 
".Fortran" "ls" "gglasso" "cv.gglasso" "pldag.set" "grangerLasso" "ngc" 
".Fortran" "ls" "gglasso" "cv.gglasso" "pldag.set" "grangerLasso" "ngc" 
".Fortran" "ls" "gglasso" "cv.gglasso" "pldag.set" "grangerLasso" "ngc" 
".Fortran" "ls" "gglasso" "cv.gglasso" "pldag.set" "grangerLasso" "ngc" 
".Fortran" "ls" "gglasso" "cv.gglasso" "pldag.set" "grangerLasso" "ngc" 
".Fortran" "ls" "gglasso" "cv.gglasso" "pldag.set" "grangerLasso" "ngc" 
".Fortran" "ls" "gglasso" "cv.gglasso" "pldag.set" "grangerLasso" "ngc" 
"paste" "getoutput" "ls" "gglasso" "cv.gglasso" "pldag.set" "grangerLasso" "ngc" 
".Fortran" "ls" "gglasso" "cv.gglasso" "pldag.set" "grangerLasso" "ngc" 
".Fortran" "ls" "gglasso" "cv.gglasso" "pldag.set" "grangerLasso" "ngc" 
".Fortran" "ls" "gglasso" "cv.gglasso" "pldag.set" "grangerLasso" "ngc" 
".Fortran" "ls" "gglasso" "cv.gglasso" "pldag.set" "grangerLasso" "ngc" 
".Fortran" "ls" "gglasso" "cv.gglasso" "pldag.set" "grangerLasso" "ngc" 
".Fortran" "ls" "gglasso" "cv.gglasso" "pldag.set" "grangerLasso" "ngc" 
".Fortran" "ls" "gglasso" "cv.gglasso" "pldag.set" "grangerLasso" "ngc" 
".Fortran" "ls" "gglasso" "cv.gglasso" "pldag.set" "grangerLasso" "ngc" 
".Fortran" "ls" "gglasso" "cv.gglasso" "pldag.set" "grangerLasso" "ngc" 
".Fortran" "ls" "gglasso" "cv.gglasso" "pldag.set" "grangerLasso" "ngc" 
".Fortran" "ls" "gglasso" "cv.gglasso" "pldag.set" "grangerLasso" "ngc" 
".Fortran" "ls" "gglasso" "cv.gglasso" "pldag.set" "grangerLasso" "ngc" 
".Fortran" "ls" "gglasso" "cv.gglasso" "pldag.set" "grangerLasso" "ngc" 
".Fortran" "ls" "gglasso" "cv.gglasso" "pldag.set" "grangerLasso" "ngc" 
".Fortran" "ls" "gglasso" "cv.gglasso" "pldag.set" "grangerLasso" "ngc" 
".Fortran" "ls" "gglasso" "cv.gglasso" "pldag.set" "grangerLasso" "ngc" 
".Fortran" "ls" "gglasso" "cv.gglasso" "pldag.set" "grangerLasso" "ngc" 
".Fortran" "ls" "gglasso" "cv.gglasso" "pldag.set" "grangerLasso" "ngc" 
".Fortran" "ls" "gglasso" "cv.gglasso" "pldag.set" "grangerLasso" "ngc" 
".Fortran" "ls" "gglasso" "cv.gglasso" "pldag.set" "grangerLasso" "ngc" 
".Fortran" "ls" "gglasso" "cv.gglasso" "pldag.set" "grangerLasso" "ngc" 
".Fortran" "ls" "gglasso" "cv.gglasso" "pldag.set" "grangerLasso" "ngc" 
".Fortran" "ls" "gglasso" "cv.gglasso" "pldag.set" "grangerLasso" "ngc" 
".Fortran" "ls" "gglasso" "cv.gglasso" "pldag.set" "grangerLasso" "ngc" 
"double" "ls" "gglasso" "cv.gglasso" "pldag.set" "grangerLasso" "ngc" 
".Fortran" "ls" "gglasso" "cv.gglasso" "pldag.set" "grangerLasso" "ngc" 
".Fortran" "ls" "gglasso" "cv.gglasso" "pldag.set" "grangerLasso" "ngc" 
".Fortran" "ls" "gglasso" "cv.gglasso" "pldag.set" "grangerLasso" "ngc" 
".Fortran" "ls" "gglasso" "cv.gglasso" "pldag.set" "grangerLasso" "ngc" 
".Fortran" "ls" "gglasso" "cv.gglasso" "pldag.set" "grangerLasso" "ngc" 
".Fortran" "ls" "gglasso" "cv.gglasso" "pldag.set" "grangerLasso" "ngc" 
".Fortran" "ls" "gglasso" "cv.gglasso" "pldag.set" "grangerLasso" "ngc" 
".Fortran" "ls" "gglasso" "cv.gglasso" "pldag.set" "grangerLasso" "ngc" 
".Fortran" "ls" "gglasso" "cv.gglasso" "pldag.set" "grangerLasso" "ngc" 
"all.equal" "isSymmetric.matrix" "eigen" "ls" "gglasso" "cv.gglasso" "pldag.set" "grangerLasso" "ngc" 
".Fortran" "ls" "gglasso" "cv.gglasso" "pldag.set" "grangerLasso" "ngc" 
".Fortran" "ls" "gglasso" "cv.gglasso" "pldag.set" "grangerLasso" "ngc" 
".Fortran" "ls" "gglasso" "cv.gglasso" "pldag.set" "grangerLasso" "ngc" 
".Fortran" "ls" "gglasso" "cv.gglasso" "pldag.set" "grangerLasso" "ngc" 
".Fortran" "ls" "gglasso" "cv.gglasso" "pldag.set" "grangerLasso" "ngc" 
".Fortran" "ls" "gglasso" "cv.gglasso" "pldag.set" "grangerLasso" "ngc" 
".Fortran" "ls" "gglasso" "cv.gglasso" "pldag.set" "grangerLasso" "ngc" 
"order" "attr.all.equal" "all.equal.numeric" "all.equal" "isSymmetric.matrix" "eigen" "ls" "gglasso" "cv.gglasso" "pldag.set" "grangerLasso" "ngc" 
".Fortran" "ls" "gglasso" "cv.gglasso" "pldag.set" "grangerLasso" "ngc" 
".Fortran" "ls" "gglasso" "cv.gglasso" "pldag.set" "grangerLasso" "ngc" 
"is.expression" "mode" "attr.all.equal" "all.equal.numeric" "all.equal" "isSymmetric.matrix" "eigen" "ls" "gglasso" "cv.gglasso" "pldag.set" "grangerLasso" "ngc" 
".Fortran" "ls" "gglasso" "cv.gglasso" "pldag.set" "grangerLasso" "ngc" 
".Fortran" "ls" "gglasso" "cv.gglasso" "pldag.set" "grangerLasso" "ngc" 
".Fortran" "ls" "gglasso" "cv.gglasso" "pldag.set" "grangerLasso" "ngc" 
".Fortran" "ls" "gglasso" "cv.gglasso" "pldag.set" "grangerLasso" "ngc" 
".Fortran" "ls" "gglasso" "cv.gglasso" "pldag.set" "grangerLasso" "ngc" 
"attr.all.equal" "all.equal.numeric" "all.equal" "isSymmetric.matrix" "eigen" "ls" "gglasso" "cv.gglasso" "pldag.set" "grangerLasso" "ngc" 
".Fortran" "ls" "gglasso" "cv.gglasso" "pldag.set" "grangerLasso" "ngc" 
".Fortran" "ls" "gglasso" "cv.gglasso" "pldag.set" "grangerLasso" "ngc" 
".Fortran" "ls" "gglasso" "cv.gglasso" "pldag.set" "grangerLasso" "ngc" 
".Fortran" "ls" "gglasso" "cv.gglasso" "pldag.set" "grangerLasso" "ngc" 
".Fortran" "ls" "gglasso" "cv.gglasso" "pldag.set" "grangerLasso" "ngc" 
".Fortran" "ls" "gglasso" "cv.gglasso" "pldag.set" "grangerLasso" "ngc" 
".Fortran" "ls" "gglasso" "cv.gglasso" "pldag.set" "grangerLasso" "ngc" 
".Fortran" "ls" "gglasso" "cv.gglasso" "pldag.set" "grangerLasso" "ngc" 
".Fortran" "ls" "gglasso" "cv.gglasso" "pldag.set" "grangerLasso" "ngc" 
"is.numeric" "order" "attr.all.equal" "all.equal.numeric" "all.equal" "isSymmetric.matrix" "eigen" "ls" "gglasso" "cv.gglasso" "pldag.set" "grangerLasso" "ngc" 
".Fortran" "ls" "gglasso" "cv.gglasso" "pldag.set" "grangerLasso" "ngc" 
".Fortran" "ls" "gglasso" "cv.gglasso" "pldag.set" "grangerLasso" "ngc" 
".Fortran" "ls" "gglasso" "cv.gglasso" "pldag.set" "grangerLasso" "ngc" 
"eigen" "ls" "gglasso" "cv.gglasso" "pldag.set" "grangerLasso" "ngc" 
".Fortran" "ls" "gglasso" "cv.gglasso" "pldag.set" "grangerLasso" "ngc" 
".Fortran" "ls" "gglasso" "cv.gglasso" "pldag.set" "grangerLasso" "ngc" 
".Fortran" "ls" "gglasso" "cv.gglasso" "pldag.set" "grangerLasso" "ngc" 
".Fortran" "ls" "gglasso" "cv.gglasso" "pldag.set" "grangerLasso" "ngc" 
".Fortran" "ls" "gglasso" "cv.gglasso" "pldag.set" "grangerLasso" "ngc" 
".Fortran" "ls" "gglasso" "cv.gglasso" "pldag.set" "grangerLasso" "ngc" 
".Fortran" "ls" "gglasso" "cv.gglasso" "pldag.set" "grangerLasso" "ngc" 
".Fortran" "ls" "gglasso" "cv.gglasso" "pldag.set" "grangerLasso" "ngc" 
".Fortran" "ls" "gglasso" "cv.gglasso" "pldag.set" "grangerLasso" "ngc" 
".Fortran" "ls" "gglasso" "cv.gglasso" "pldag.set" "grangerLasso" "ngc" 
".Fortran" "ls" "gglasso" "cv.gglasso" "pldag.set" "grangerLasso" "ngc" 
".Fortran" "ls" "gglasso" "cv.gglasso" "pldag.set" "grangerLasso" "ngc" 
".Fortran" "ls" "gglasso" "cv.gglasso" "pldag.set" "grangerLasso" "ngc" 
".Fortran" "ls" "gglasso" "cv.gglasso" "pldag.set" "grangerLasso" "ngc" 
".Fortran" "ls" "gglasso" "cv.gglasso" "pldag.set" "grangerLasso" "ngc" 
".Fortran" "ls" "gglasso" "cv.gglasso" "pldag.set" "grangerLasso" "ngc" 
".Fortran" "ls" "gglasso" "cv.gglasso" "pldag.set" "grangerLasso" "ngc" 
".Fortran" "ls" "gglasso" "cv.gglasso" "pldag.set" "grangerLasso" "ngc" 
".Fortran" "ls" "gglasso" "cv.gglasso" "pldag.set" "grangerLasso" "ngc" 
".Fortran" "ls" "gglasso" "cv.gglasso" "pldag.set" "grangerLasso" "ngc" 
".Fortran" "ls" "gglasso" "cv.gglasso" "pldag.set" "grangerLasso" "ngc" 
".Fortran" "ls" "gglasso" "cv.gglasso" "pldag.set" "grangerLasso" "ngc" 
".Fortran" "ls" "gglasso" "cv.gglasso" "pldag.set" "grangerLasso" "ngc" 
".Fortran" "ls" "gglasso" "cv.gglasso" "pldag.set" "grangerLasso" "ngc" 
".Fortran" "ls" "gglasso" "cv.gglasso" "pldag.set" "grangerLasso" "ngc" 
".Fortran" "ls" "gglasso" "cv.gglasso" "pldag.set" "grangerLasso" "ngc" 
".Fortran" "ls" "gglasso" "cv.gglasso" "pldag.set" "grangerLasso" "ngc" 
".Fortran" "ls" "gglasso" "cv.gglasso" "pldag.set" "grangerLasso" "ngc" 
".Fortran" "ls" "gglasso" "cv.gglasso" "pldag.set" "grangerLasso" "ngc" 
".Fortran" "ls" "gglasso" "cv.gglasso" "pldag.set" "grangerLasso" "ngc" 
".Fortran" "ls" "gglasso" "cv.gglasso" "pldag.set" "grangerLasso" "ngc" 
".Fortran" "ls" "gglasso" "cv.gglasso" "pldag.set" "grangerLasso" "ngc" 
".Fortran" "ls" "gglasso" "cv.gglasso" "pldag.set" "grangerLasso" "ngc" 
".Fortran" "ls" "gglasso" "cv.gglasso" "pldag.set" "grangerLasso" "ngc" 
".Fortran" "ls" "gglasso" "cv.gglasso" "pldag.set" "grangerLasso" "ngc" 
".Fortran" "ls" "gglasso" "cv.gglasso" "pldag.set" "grangerLasso" "ngc" 
".Fortran" "ls" "gglasso" "cv.gglasso" "pldag.set" "grangerLasso" "ngc" 
".Fortran" "ls" "gglasso" "cv.gglasso" "pldag.set" "grangerLasso" "ngc" 
".Fortran" "ls" "gglasso" "cv.gglasso" "pldag.set" "grangerLasso" "ngc" 
".Fortran" "ls" "gglasso" "cv.gglasso" "pldag.set" "grangerLasso" "ngc" 
".Fortran" "ls" "gglasso" "cv.gglasso" "pldag.set" "grangerLasso" "ngc" 
".Fortran" "ls" "gglasso" "cv.gglasso" "pldag.set" "grangerLasso" "ngc" 
".Fortran" "ls" "gglasso" "cv.gglasso" "pldag.set" "grangerLasso" "ngc" 
".Fortran" "ls" "gglasso" "cv.gglasso" "pldag.set" "grangerLasso" "ngc" 
".Fortran" "ls" "gglasso" "cv.gglasso" "pldag.set" "grangerLasso" "ngc" 
".Fortran" "ls" "gglasso" "cv.gglasso" "pldag.set" "grangerLasso" "ngc" 
".Fortran" "ls" "gglasso" "cv.gglasso" "pldag.set" "grangerLasso" "ngc" 
".Fortran" "ls" "gglasso" "cv.gglasso" "pldag.set" "grangerLasso" "ngc" 
".Fortran" "ls" "gglasso" "cv.gglasso" "pldag.set" "grangerLasso" "ngc" 
".Fortran" "ls" "gglasso" "cv.gglasso" "pldag.set" "grangerLasso" "ngc" 
".Fortran" "ls" "gglasso" "cv.gglasso" "pldag.set" "grangerLasso" "ngc" 
".Fortran" "ls" "gglasso" "cv.gglasso" "pldag.set" "grangerLasso" "ngc" 
".Fortran" "ls" "gglasso" "cv.gglasso" "pldag.set" "grangerLasso" "ngc" 
".Fortran" "ls" "gglasso" "cv.gglasso" "pldag.set" "grangerLasso" "ngc" 
".Fortran" "ls" "gglasso" "cv.gglasso" "pldag.set" "grangerLasso" "ngc" 
".Fortran" "ls" "gglasso" "cv.gglasso" "pldag.set" "grangerLasso" "ngc" 
".Fortran" "ls" "gglasso" "cv.gglasso" "pldag.set" "grangerLasso" "ngc" 
".Fortran" "ls" "gglasso" "cv.gglasso" "pldag.set" "grangerLasso" "ngc" 
".Fortran" "ls" "gglasso" "cv.gglasso" "pldag.set" "grangerLasso" "ngc" 
".Fortran" "ls" "gglasso" "cv.gglasso" "pldag.set" "grangerLasso" "ngc" 
".Fortran" "ls" "gglasso" "cv.gglasso" "pldag.set" "grangerLasso" "ngc" 
".Fortran" "ls" "gglasso" "cv.gglasso" "pldag.set" "grangerLasso" "ngc" 
".Fortran" "ls" "gglasso" "cv.gglasso" "pldag.set" "grangerLasso" "ngc" 
".Fortran" "ls" "gglasso" "cv.gglasso" "pldag.set" "grangerLasso" "ngc" 
".Fortran" "ls" "gglasso" "cv.gglasso" "pldag.set" "grangerLasso" "ngc" 
".Fortran" "ls" "gglasso" "cv.gglasso" "pldag.set" "grangerLasso" "ngc" 
".Fortran" "ls" "gglasso" "cv.gglasso" "pldag.set" "grangerLasso" "ngc" 
".Fortran" "ls" "gglasso" "cv.gglasso" "pldag.set" "grangerLasso" "ngc" 
".Fortran" "ls" "gglasso" "cv.gglasso" "pldag.set" "grangerLasso" "ngc" 
".Fortran" "ls" "gglasso" "cv.gglasso" "pldag.set" "grangerLasso" "ngc" 
".Fortran" "ls" "gglasso" "cv.gglasso" "pldag.set" "grangerLasso" "ngc" 
".Fortran" "ls" "gglasso" "cv.gglasso" "pldag.set" "grangerLasso" "ngc" 
".Fortran" "ls" "gglasso" "cv.gglasso" "pldag.set" "grangerLasso" "ngc" 
".Fortran" "ls" "gglasso" "cv.gglasso" "pldag.set" "grangerLasso" "ngc" 
".Fortran" "ls" "gglasso" "cv.gglasso" "pldag.set" "grangerLasso" "ngc" 
".Fortran" "ls" "gglasso" "cv.gglasso" "pldag.set" "grangerLasso" "ngc" 
".Fortran" "ls" "gglasso" "cv.gglasso" "pldag.set" "grangerLasso" "ngc" 
".Fortran" "ls" "gglasso" "cv.gglasso" "pldag.set" "grangerLasso" "ngc" 
".Fortran" "ls" "gglasso" "cv.gglasso" "pldag.set" "grangerLasso" "ngc" 
".Fortran" "ls" "gglasso" "cv.gglasso" "pldag.set" "grangerLasso" "ngc" 
".Fortran" "ls" "gglasso" "cv.gglasso" "pldag.set" "grangerLasso" "ngc" 
".Fortran" "ls" "gglasso" "cv.gglasso" "pldag.set" "grangerLasso" "ngc" 
".Fortran" "ls" "gglasso" "cv.gglasso" "pldag.set" "grangerLasso" "ngc" 
".Fortran" "ls" "gglasso" "cv.gglasso" "pldag.set" "grangerLasso" "ngc" 
".Fortran" "ls" "gglasso" "cv.gglasso" "pldag.set" "grangerLasso" "ngc" 
".Fortran" "ls" "gglasso" "cv.gglasso" "pldag.set" "grangerLasso" "ngc" 
".Fortran" "ls" "gglasso" "cv.gglasso" "pldag.set" "grangerLasso" "ngc" 
".Fortran" "ls" "gglasso" "cv.gglasso" "pldag.set" "grangerLasso" "ngc" 
".Fortran" "ls" "gglasso" "cv.gglasso" "pldag.set" "grangerLasso" "ngc" 
".Fortran" "ls" "gglasso" "cv.gglasso" "pldag.set" "grangerLasso" "ngc" 
".Fortran" "ls" "gglasso" "cv.gglasso" "pldag.set" "grangerLasso" "ngc" 
".Fortran" "ls" "gglasso" "cv.gglasso" "pldag.set" "grangerLasso" "ngc" 
".Fortran" "ls" "gglasso" "cv.gglasso" "pldag.set" "grangerLasso" "ngc" 
".Fortran" "ls" "gglasso" "cv.gglasso" "pldag.set" "grangerLasso" "ngc" 
".Fortran" "ls" "gglasso" "cv.gglasso" "pldag.set" "grangerLasso" "ngc" 
".Fortran" "ls" "gglasso" "cv.gglasso" "pldag.set" "grangerLasso" "ngc" 
".Fortran" "ls" "gglasso" "cv.gglasso" "pldag.set" "grangerLasso" "ngc" 
".Fortran" "ls" "gglasso" "cv.gglasso" "pldag.set" "grangerLasso" "ngc" 
".Fortran" "ls" "gglasso" "cv.gglasso" "pldag.set" "grangerLasso" "ngc" 
".Fortran" "ls" "gglasso" "cv.gglasso" "pldag.set" "grangerLasso" "ngc" 
".Fortran" "ls" "gglasso" "cv.gglasso" "pldag.set" "grangerLasso" "ngc" 
".Fortran" "ls" "gglasso" "cv.gglasso" "pldag.set" "grangerLasso" "ngc" 
".Fortran" "ls" "gglasso" "cv.gglasso" "pldag.set" "grangerLasso" "ngc" 
".Fortran" "ls" "gglasso" "cv.gglasso" "pldag.set" "grangerLasso" "ngc" 
".Fortran" "ls" "gglasso" "cv.gglasso" "pldag.set" "grangerLasso" "ngc" 
".Fortran" "ls" "gglasso" "cv.gglasso" "pldag.set" "grangerLasso" "ngc" 
".Fortran" "ls" "gglasso" "cv.gglasso" "pldag.set" "grangerLasso" "ngc" 
".Fortran" "ls" "gglasso" "cv.gglasso" "pldag.set" "grangerLasso" "ngc" 
".Fortran" "ls" "gglasso" "cv.gglasso" "pldag.set" "grangerLasso" "ngc" 
".Fortran" "ls" "gglasso" "cv.gglasso" "pldag.set" "grangerLasso" "ngc" 
".Fortran" "ls" "gglasso" "cv.gglasso" "pldag.set" "grangerLasso" "ngc" 
".Fortran" "ls" "gglasso" "cv.gglasso" "pldag.set" "grangerLasso" "ngc" 
".Fortran" "ls" "gglasso" "cv.gglasso" "pldag.set" "grangerLasso" "ngc" 
".Fortran" "ls" "gglasso" "cv.gglasso" "pldag.set" "grangerLasso" "ngc" 
".Fortran" "ls" "gglasso" "cv.gglasso" "pldag.set" "grangerLasso" "ngc" 
".Fortran" "ls" "gglasso" "cv.gglasso" "pldag.set" "grangerLasso" "ngc" 
".Fortran" "ls" "gglasso" "cv.gglasso" "pldag.set" "grangerLasso" "ngc" 
".Fortran" "ls" "gglasso" "cv.gglasso" "pldag.set" "grangerLasso" "ngc" 
".Fortran" "ls" "gglasso" "cv.gglasso" "pldag.set" "grangerLasso" "ngc" 
".Fortran" "ls" "gglasso" "cv.gglasso" "pldag.set" "grangerLasso" "ngc" 
".Fortran" "ls" "gglasso" "cv.gglasso" "pldag.set" "grangerLasso" "ngc" 
".Fortran" "ls" "gglasso" "cv.gglasso" "pldag.set" "grangerLasso" "ngc" 
".Fortran" "ls" "gglasso" "cv.gglasso" "pldag.set" "grangerLasso" "ngc" 
".Fortran" "ls" "gglasso" "cv.gglasso" "pldag.set" "grangerLasso" "ngc" 
".Fortran" "ls" "gglasso" "cv.gglasso" "pldag.set" "grangerLasso" "ngc" 
".Fortran" "ls" "gglasso" "cv.gglasso" "pldag.set" "grangerLasso" "ngc" 
".Fortran" "ls" "gglasso" "cv.gglasso" "pldag.set" "grangerLasso" "ngc" 
".Fortran" "ls" "gglasso" "cv.gglasso" "pldag.set" "grangerLasso" "ngc" 
".Fortran" "ls" "gglasso" "cv.gglasso" "pldag.set" "grangerLasso" "ngc" 
".Fortran" "ls" "gglasso" "cv.gglasso" "pldag.set" "grangerLasso" "ngc" 
".Fortran" "ls" "gglasso" "cv.gglasso" "pldag.set" "grangerLasso" "ngc" 
".Fortran" "ls" "gglasso" "cv.gglasso" "pldag.set" "grangerLasso" "ngc" 
".Fortran" "ls" "gglasso" "cv.gglasso" "pldag.set" "grangerLasso" "ngc" 
".Fortran" "ls" "gglasso" "cv.gglasso" "pldag.set" "grangerLasso" "ngc" 
".Fortran" "ls" "gglasso" "cv.gglasso" "pldag.set" "grangerLasso" "ngc" 
".Fortran" "ls" "gglasso" "cv.gglasso" "pldag.set" "grangerLasso" "ngc" 
".Fortran" "ls" "gglasso" "cv.gglasso" "pldag.set" "grangerLasso" "ngc" 
".Fortran" "ls" "gglasso" "cv.gglasso" "pldag.set" "grangerLasso" "ngc" 
".Fortran" "ls" "gglasso" "cv.gglasso" "pldag.set" "grangerLasso" "ngc" 
".Fortran" "ls" "gglasso" "cv.gglasso" "pldag.set" "grangerLasso" "ngc" 
".Fortran" "ls" "gglasso" "cv.gglasso" "pldag.set" "grangerLasso" "ngc" 
".Fortran" "ls" "gglasso" "cv.gglasso" "pldag.set" "grangerLasso" "ngc" 
".Fortran" "ls" "gglasso" "cv.gglasso" "pldag.set" "grangerLasso" "ngc" 
".Fortran" "ls" "gglasso" "cv.gglasso" "pldag.set" "grangerLasso" "ngc" 
".Fortran" "ls" "gglasso" "cv.gglasso" "pldag.set" "grangerLasso" "ngc" 
"order" "attr.all.equal" "all.equal.numeric" "all.equal" "isSymmetric.matrix" "eigen" "ls" "gglasso" "cv.gglasso" "pldag.set" "grangerLasso" "ngc" 
".Fortran" "ls" "gglasso" "cv.gglasso" "pldag.set" "grangerLasso" "ngc" 
".Fortran" "ls" "gglasso" "cv.gglasso" "pldag.set" "grangerLasso" "ngc" 
".Fortran" "ls" "gglasso" "cv.gglasso" "pldag.set" "grangerLasso" "ngc" 
".Fortran" "ls" "gglasso" "cv.gglasso" "pldag.set" "grangerLasso" "ngc" 
"is" "slotNames" "attrSlotNames" "lapply" "sapply" "attrSlots" "standardGeneric" "all.equal" "attr.all_Mat" ".local" "all.equal" "standardGeneric" "all.equal" "isTRUE" ".local" "isSymmetric" "standardGeneric" "isSymmetric" "as_CspClass" "replCmat4" "[<-" "[<-" "ngc" 
"replCmat4" "[<-" "[<-" "ngc" 
"doTryCatch" "tryCatchOne" "tryCatchList" "tryCatch" "try" "validObject" ".nextMethod" "callNextMethod" ".local" "initialize" "initialize" "new" "asMethod" "as" "replCmat4" "[<-" "[<-" "ngc" 
"extends" "as_CspClass" "replCmat4" "[<-" "[<-" "ngc" 
".sigLabel" ".findMethodInTable" ".quickCoerceSelect" "as" "validityMethod" "isTRUE" "anyStrings" "validObject" ".nextMethod" "callNextMethod" ".local" "initialize" "initialize" "new" "asMethod" "as" "replCmat4" "[<-" "[<-" "ngc" 
"length" "isTRUE" "anyStrings" "validObject" ".nextMethod" "callNextMethod" ".local" "initialize" "initialize" "new" "asMethod" "as" "replCmat4" "[<-" "[<-" "ngc" 
"is" ".findMethodInTable" ".quickCoerceSelect" "as" "validityMethod" "isTRUE" "anyStrings" "validObject" ".nextMethod" "callNextMethod" ".local" "initialize" "initialize" "new" "asMethod" "as" "replCmat4" "[<-" "[<-" "ngc" 
"add_edges" "graph.adjacency.sparse" "graph_from_adjacency_matrix" "ngc" 
"plot.xy" "lines.default" "lines" "igraph.Arrows" "plot.igraph" "plot" "plot.ngc" 
"text.default" "text" "plot.igraph" "plot" "plot.ngc" 
